<?xml version="1.0" encoding="UTF-8"?>
<testng-results skipped="0" failed="0" ignored="0" total="5" passed="5">
  <reporter-output>
  </reporter-output>
  <suite name="Suite" duration-ms="57660" started-at="2024-04-27T08:24:35Z" finished-at="2024-04-27T08:25:33Z">
    <groups>
      <group name="Purchase">
        <method signature="SubmitOrderTest.submitOrder(java.util.HashMap)[pri:0, instance:rahulshettyacademy.tests.SubmitOrderTest@3abada5a]" name="submitOrder" class="rahulshettyacademy.tests.SubmitOrderTest"/>
      </group> <!-- Purchase -->
      <group name="ErrorHandling">
        <method signature="ErrorValidationsTest.LoginErrorValidation()[pri:0, instance:rahulshettyacademy.tests.ErrorValidationsTest@5a755cc1]" name="LoginErrorValidation" class="rahulshettyacademy.tests.ErrorValidationsTest"/>
      </group> <!-- ErrorHandling -->
    </groups>
    <test name="Error Validations Test" duration-ms="48723" started-at="2024-04-27T08:24:35Z" finished-at="2024-04-27T08:25:24Z">
      <class name="rahulshettyacademy.tests.ErrorValidationsTest">
        <test-method status="PASS" signature="launchApplication()[pri:0, instance:rahulshettyacademy.tests.ErrorValidationsTest@5a755cc1]" name="launchApplication" is-config="true" duration-ms="28389" started-at="2024-04-27T08:24:35Z" finished-at="2024-04-27T08:25:04Z">
          <reporter-output>
          </reporter-output>
        </test-method> <!-- launchApplication -->
        <test-method status="PASS" signature="LoginErrorValidation()[pri:0, instance:rahulshettyacademy.tests.ErrorValidationsTest@5a755cc1]" name="LoginErrorValidation" duration-ms="1350" started-at="2024-04-27T08:25:04Z" finished-at="2024-04-27T08:25:05Z">
          <reporter-output>
          </reporter-output>
        </test-method> <!-- LoginErrorValidation -->
        <test-method status="PASS" signature="tearDown()[pri:0, instance:rahulshettyacademy.tests.ErrorValidationsTest@5a755cc1]" name="tearDown" is-config="true" duration-ms="2596" started-at="2024-04-27T08:25:05Z" finished-at="2024-04-27T08:25:08Z">
          <reporter-output>
          </reporter-output>
        </test-method> <!-- tearDown -->
        <test-method status="PASS" signature="launchApplication()[pri:0, instance:rahulshettyacademy.tests.ErrorValidationsTest@5a755cc1]" name="launchApplication" is-config="true" duration-ms="10849" started-at="2024-04-27T08:25:08Z" finished-at="2024-04-27T08:25:18Z">
          <reporter-output>
          </reporter-output>
        </test-method> <!-- launchApplication -->
        <test-method status="PASS" signature="ProductErrorValidation()[pri:0, instance:rahulshettyacademy.tests.ErrorValidationsTest@5a755cc1]" name="ProductErrorValidation" duration-ms="3075" started-at="2024-04-27T08:25:18Z" finished-at="2024-04-27T08:25:21Z">
          <reporter-output>
          </reporter-output>
        </test-method> <!-- ProductErrorValidation -->
        <test-method status="PASS" signature="tearDown()[pri:0, instance:rahulshettyacademy.tests.ErrorValidationsTest@5a755cc1]" name="tearDown" is-config="true" duration-ms="2407" started-at="2024-04-27T08:25:21Z" finished-at="2024-04-27T08:25:24Z">
          <reporter-output>
          </reporter-output>
        </test-method> <!-- tearDown -->
      </class> <!-- rahulshettyacademy.tests.ErrorValidationsTest -->
    </test> <!-- Error Validations Test -->
    <test name="Submit Order Test" duration-ms="57660" started-at="2024-04-27T08:24:35Z" finished-at="2024-04-27T08:25:33Z">
      <class name="rahulshettyacademy.tests.SubmitOrderTest">
        <test-method status="PASS" signature="launchApplication()[pri:0, instance:rahulshettyacademy.tests.SubmitOrderTest@3abada5a]" name="launchApplication" is-config="true" duration-ms="28289" started-at="2024-04-27T08:24:35Z" finished-at="2024-04-27T08:25:04Z">
          <reporter-output>
          </reporter-output>
        </test-method> <!-- launchApplication -->
        <test-method status="PASS" signature="submitOrder(java.util.HashMap)[pri:0, instance:rahulshettyacademy.tests.SubmitOrderTest@3abada5a]" name="submitOrder" duration-ms="4758" started-at="2024-04-27T08:25:04Z" data-provider="getData" finished-at="2024-04-27T08:25:08Z">
          <params>
            <param index="0">
              <value>
                <![CDATA[{password=Iamking@000, product=ZARA COAT 3, email=anshika@gmail.com}]]>
              </value>
            </param>
          </params>
          <reporter-output>
          </reporter-output>
        </test-method> <!-- submitOrder -->
        <test-method status="PASS" signature="tearDown()[pri:0, instance:rahulshettyacademy.tests.SubmitOrderTest@3abada5a]" name="tearDown" is-config="true" duration-ms="119" started-at="2024-04-27T08:25:08Z" finished-at="2024-04-27T08:25:08Z">
          <reporter-output>
          </reporter-output>
        </test-method> <!-- tearDown -->
        <test-method status="PASS" signature="launchApplication()[pri:0, instance:rahulshettyacademy.tests.SubmitOrderTest@3abada5a]" name="launchApplication" is-config="true" duration-ms="11352" started-at="2024-04-27T08:25:08Z" finished-at="2024-04-27T08:25:20Z">
          <reporter-output>
          </reporter-output>
        </test-method> <!-- launchApplication -->
        <test-method status="PASS" signature="submitOrder(java.util.HashMap)[pri:0, instance:rahulshettyacademy.tests.SubmitOrderTest@3abada5a]" name="submitOrder" duration-ms="3483" started-at="2024-04-27T08:25:20Z" data-provider="getData" finished-at="2024-04-27T08:25:23Z">
          <params>
            <param index="0">
              <value>
                <![CDATA[{password=Newpass500@, product=ADIDAS ORIGINAL, email=sathishmcamku@gmail.com}]]>
              </value>
            </param>
          </params>
          <reporter-output>
          </reporter-output>
        </test-method> <!-- submitOrder -->
        <test-method status="PASS" signature="tearDown()[pri:0, instance:rahulshettyacademy.tests.SubmitOrderTest@3abada5a]" name="tearDown" is-config="true" duration-ms="763" started-at="2024-04-27T08:25:23Z" finished-at="2024-04-27T08:25:24Z">
          <reporter-output>
          </reporter-output>
        </test-method> <!-- tearDown -->
        <test-method status="PASS" signature="launchApplication()[pri:0, instance:rahulshettyacademy.tests.SubmitOrderTest@3abada5a]" name="launchApplication" is-config="true" duration-ms="7959" started-at="2024-04-27T08:25:24Z" finished-at="2024-04-27T08:25:32Z">
          <reporter-output>
          </reporter-output>
        </test-method> <!-- launchApplication -->
        <test-method status="PASS" signature="OrderHistoryTest()[pri:0, instance:rahulshettyacademy.tests.SubmitOrderTest@3abada5a]" name="OrderHistoryTest" duration-ms="793" started-at="2024-04-27T08:25:32Z" depends-on-methods="rahulshettyacademy.tests.SubmitOrderTest.submitOrder" finished-at="2024-04-27T08:25:33Z">
          <reporter-output>
          </reporter-output>
        </test-method> <!-- OrderHistoryTest -->
        <test-method status="PASS" signature="tearDown()[pri:0, instance:rahulshettyacademy.tests.SubmitOrderTest@3abada5a]" name="tearDown" is-config="true" duration-ms="77" started-at="2024-04-27T08:25:33Z" finished-at="2024-04-27T08:25:33Z">
          <reporter-output>
          </reporter-output>
        </test-method> <!-- tearDown -->
      </class> <!-- rahulshettyacademy.tests.SubmitOrderTest -->
    </test> <!-- Submit Order Test -->
  </suite> <!-- Suite -->
</testng-results>
