<?xml version="1.0" encoding="UTF-8"?>
<!-- Generated by org.testng.reporters.JUnitXMLReporter -->
<testsuite hostname="LAPTOP-6NAV24VU" ignored="0" name="Submit Order Test" tests="3" failures="0" timestamp="27 Apr 2024 08:25:33 GMT" time="57.66" errors="0">
  <testcase name="submitOrder" time="4.758" classname="rahulshettyacademy.tests.SubmitOrderTest"/>
  <testcase name="submitOrder" time="3.483" classname="rahulshettyacademy.tests.SubmitOrderTest"/>
  <testcase name="OrderHistoryTest" time="0.793" classname="rahulshettyacademy.tests.SubmitOrderTest"/>
</testsuite> <!-- Submit Order Test -->
