<?xml version="1.0" encoding="UTF-8"?>
<!-- Generated by org.testng.reporters.JUnitXMLReporter -->
<testsuite hostname="LAPTOP-6NAV24VU" ignored="0" name="Default test" tests="2" failures="0" timestamp="27 Apr 2024 06:03:07 GMT" time="26.433" errors="0">
  <testcase name="LoginErrorValidation" time="2.201" classname="rahulshettyacademy.tests.ErrorValidationsTest"/>
  <testcase name="ProductErrorValidation" time="5.722" classname="rahulshettyacademy.tests.ErrorValidationsTest"/>
</testsuite> <!-- Default test -->
